[     140ms] [INFO] %cDownload the React DevTools for a better development experience: https://react.dev/link/react-devtools font-weight:bold @ http://localhost:3000/_next/static/chunks/node_modules_next_dist_115brz8._.js:2477
[     159ms] [LOG] [HMR] connected @ http://localhost:3000/_next/static/chunks/node_modules_next_dist_115brz8._.js:2477
[     196ms] [LOG] %c[Vercel Web Analytics]%c Debug mode is enabled by default in development. No requests will be sent to the server. color: rgb(120, 120, 120) color: inherit @ http://localhost:3000/_next/static/chunks/node_modules_next_dist_115brz8._.js:2477
[     196ms] [LOG] %c[Vercel Web Analytics]%c [view] http://localhost:3000/login color: rgb(120, 120, 120) color: inherit {o: http://localhost:3000/login, sv: 0.1.3, sdkn: @vercel/analytics/react, sdkv: 2.0.1, ts: 1779457649447} /_vercel/insights/view @ http://localhost:3000/_next/static/chunks/node_modules_next_dist_115brz8._.js:2477
[   21757ms] [WARNING] Detected `scroll-behavior: smooth` on the `<html>` element. To disable smooth scrolling during route transitions, add `data-scroll-behavior="smooth"` to your <html> element. Learn more: https://nextjs.org/docs/messages/missing-data-scroll-behavior @ http://localhost:3000/_next/static/chunks/node_modules_next_dist_115brz8._.js:2477
[   21758ms] [LOG] %c[Vercel Web Analytics]%c [view] http://localhost:3000/whatsapp color: rgb(120, 120, 120) color: inherit {o: http://localhost:3000/whatsapp, sv: 0.1.3, sdkn: @vercel/analytics/react, sdkv: 2.0.1, ts: 1779457671002} /_vercel/insights/view @ http://localhost:3000/_next/static/chunks/node_modules_next_dist_115brz8._.js:2477
[  232372ms] [LOG] [Fast Refresh] rebuilding @ http://localhost:3000/_next/static/chunks/node_modules_next_dist_115brz8._.js:2477
[  232402ms] [LOG] [Fast Refresh] done in 53ms @ http://localhost:3000/_next/static/chunks/node_modules_next_dist_115brz8._.js:2477
[  244650ms] [INFO] %cDownload the React DevTools for a better development experience: https://react.dev/link/react-devtools font-weight:bold @ http://localhost:3000/_next/static/chunks/node_modules_next_dist_115brz8._.js:2477
[  244678ms] [LOG] [HMR] connected @ http://localhost:3000/_next/static/chunks/node_modules_next_dist_115brz8._.js:2477
[  244722ms] [LOG] %c[Vercel Web Analytics]%c Debug mode is enabled by default in development. No requests will be sent to the server. color: rgb(120, 120, 120) color: inherit @ http://localhost:3000/_next/static/chunks/node_modules_next_dist_115brz8._.js:2477
[  244722ms] [LOG] %c[Vercel Web Analytics]%c [view] http://localhost:3000/whatsapp color: rgb(120, 120, 120) color: inherit {o: http://localhost:3000/whatsapp, sv: 0.1.3, sdkn: @vercel/analytics/react, sdkv: 2.0.1, ts: 1779457893973} /_vercel/insights/view @ http://localhost:3000/_next/static/chunks/node_modules_next_dist_115brz8._.js:2477
[  249758ms] [INFO] %cDownload the React DevTools for a better development experience: https://react.dev/link/react-devtools font-weight:bold @ http://localhost:3000/_next/static/chunks/node_modules_next_dist_115brz8._.js:2477
[  249794ms] [LOG] [HMR] connected @ http://localhost:3000/_next/static/chunks/node_modules_next_dist_115brz8._.js:2477
[  249825ms] [LOG] %c[Vercel Web Analytics]%c Debug mode is enabled by default in development. No requests will be sent to the server. color: rgb(120, 120, 120) color: inherit @ http://localhost:3000/_next/static/chunks/node_modules_next_dist_115brz8._.js:2477
[  249826ms] [LOG] %c[Vercel Web Analytics]%c [view] http://localhost:3000/whatsapp color: rgb(120, 120, 120) color: inherit {o: http://localhost:3000/whatsapp, sv: 0.1.3, sdkn: @vercel/analytics/react, sdkv: 2.0.1, ts: 1779457899077} /_vercel/insights/view @ http://localhost:3000/_next/static/chunks/node_modules_next_dist_115brz8._.js:2477
[  271577ms] [LOG] [Fast Refresh] rebuilding @ http://localhost:3000/_next/static/chunks/node_modules_next_dist_115brz8._.js:2477
[  271624ms] [LOG] [Fast Refresh] done in 5ms @ http://localhost:3000/_next/static/chunks/node_modules_next_dist_115brz8._.js:2477
[  296883ms] [ERROR] Failed to load resource: net::ERR_SOCKET_NOT_CONNECTED @ http://localhost:8000/dashboard/conversations/447511753411/messages:0
[  296883ms] [ERROR] Failed to load resource: net::ERR_SOCKET_NOT_CONNECTED @ http://localhost:8000/dashboard/conversations/447511753411/settings:0
[  297824ms] [ERROR] Failed to load resource: net::ERR_CONNECTION_RESET @ http://localhost:8000/dashboard/conversations:0
